<?xml version="1.0" encoding="UTF-8"?>
<testsuite name="com.ysoft.tools.antiintruder.backend.service.impl.test.EntityServiceTest" tests="1" skipped="0" failures="0" errors="0" timestamp="2015-01-25T22:19:35" hostname="Bato-PC" time="0.031">
  <properties/>
  <testcase name="testCreate" classname="com.ysoft.tools.antiintruder.backend.service.impl.test.EntityServiceTest" time="0.031"/>
  <system-out><![CDATA[entityConvertMock
]]></system-out>
  <system-err><![CDATA[]]></system-err>
</testsuite>
